Start testing: Nov 11 22:27 FLE Standard Time
----------------------------------------------------------
1/1 Testing: MathOperationsTests
1/1 Test: MathOperationsTests
Command: "D:/Prg/csad-2526-403-Nikita-12/build/Debug/unit_tests.exe"
Directory: D:/Prg/csad-2526-403-Nikita-12/build
"MathOperationsTests" start time: Nov 11 22:27 FLE Standard Time
Output:
----------------------------------------------------------
All tests passed!
<end of output>
Test time =   0.02 sec
----------------------------------------------------------
Test Passed.
"MathOperationsTests" end time: Nov 11 22:27 FLE Standard Time
"MathOperationsTests" time elapsed: 00:00:00
----------------------------------------------------------

End testing: Nov 11 22:27 FLE Standard Time
